<?xml version="1.0" encoding="UTF-8"?>
<testng-results ignored="0" total="1" passed="1" failed="0" skipped="0">
  <reporter-output>
  </reporter-output>
  <suite started-at="2021-10-18T00:47:38 WAT" name="Default suite" finished-at="2021-10-18T00:48:10 WAT" duration-ms="31793">
    <groups>
    </groups>
    <test started-at="2021-10-18T00:47:38 WAT" name="Default test" finished-at="2021-10-18T00:48:10 WAT" duration-ms="31793">
      <class name="rebrand.chakaent.ChakaAssesment">
        <test-method is-config="true" signature="loginTest()[pri:0, instance:rebrand.chakaent.ChakaAssesment@7a69b07]" started-at="2021-10-18T00:47:38 WAT" name="loginTest" finished-at="2021-10-18T00:47:57 WAT" duration-ms="19367" status="PASS">
          <reporter-output>
          </reporter-output>
        </test-method> <!-- loginTest -->
        <test-method signature="selectStockTest()[pri:0, instance:rebrand.chakaent.ChakaAssesment@7a69b07]" started-at="2021-10-18T00:47:57 WAT" name="selectStockTest" finished-at="2021-10-18T00:48:09 WAT" duration-ms="12015" status="PASS">
          <reporter-output>
          </reporter-output>
        </test-method> <!-- selectStockTest -->
        <test-method is-config="true" signature="close()[pri:0, instance:rebrand.chakaent.ChakaAssesment@7a69b07]" started-at="2021-10-18T00:48:10 WAT" name="close" finished-at="2021-10-18T00:48:10 WAT" duration-ms="331" status="PASS">
          <reporter-output>
          </reporter-output>
        </test-method> <!-- close -->
      </class> <!-- rebrand.chakaent.ChakaAssesment -->
    </test> <!-- Default test -->
  </suite> <!-- Default suite -->
</testng-results>
